<?xml version="1.0" encoding="UTF-8"?>
<!-- Generated by org.testng.reporters.JUnitXMLReporter -->
<testsuite ignored="0" hostname="DESKTOP-SJNPATC" failures="2" tests="4" name="TC_02_C" time="4.241" errors="0" timestamp="28 Sep 2020 20:36:39 GMT">
  <testcase classname="com.ta.xero_automation.TestID_02_C_SignUp_to_XDC" name="launchPageTest" time="0.062"/>
  <testcase classname="com.ta.xero_automation.TestID_02_C_SignUp_to_XDC" name="FreeTrialPageTest" time="1.242"/>
  <testcase classname="com.ta.xero_automation.TestID_02_C_SignUp_to_XDC" name="TermsPageTest" time="0.31">
    <failure type="java.lang.IndexOutOfBoundsException" message="Index 1 out of bounds for length 1">
      <![CDATA[java.lang.IndexOutOfBoundsException: Index 1 out of bounds for length 1
at java.base/jdk.internal.util.Preconditions.outOfBounds(Preconditions.java:64)
at java.base/jdk.internal.util.Preconditions.outOfBoundsCheckIndex(Preconditions.java:70)
at java.base/jdk.internal.util.Preconditions.checkIndex(Preconditions.java:248)
at java.base/java.util.Objects.checkIndex(Objects.java:373)
at java.base/java.util.ArrayList.get(ArrayList.java:426)
at com.ta.Pages.SignUp_to_XDC.ValidateTermsLink(SignUp_to_XDC.java:161)
at com.ta.xero_automation.TestID_02_C_SignUp_to_XDC.TermsPageTest(TestID_02_C_SignUp_to_XDC.java:33)
... Removed 25 stack frames]]>
    </failure>
  </testcase> <!-- TermsPageTest -->
  <testcase classname="com.ta.xero_automation.TestID_02_C_SignUp_to_XDC" name="PrivacyPageTest" time="2.619">
    <failure type="java.lang.IndexOutOfBoundsException" message="Index 2 out of bounds for length 1">
      <![CDATA[java.lang.IndexOutOfBoundsException: Index 2 out of bounds for length 1
at java.base/jdk.internal.util.Preconditions.outOfBounds(Preconditions.java:64)
at java.base/jdk.internal.util.Preconditions.outOfBoundsCheckIndex(Preconditions.java:70)
at java.base/jdk.internal.util.Preconditions.checkIndex(Preconditions.java:248)
at java.base/java.util.Objects.checkIndex(Objects.java:373)
at java.base/java.util.ArrayList.get(ArrayList.java:426)
at com.ta.Pages.SignUp_to_XDC.ValidatePrivacyLink(SignUp_to_XDC.java:176)
at com.ta.xero_automation.TestID_02_C_SignUp_to_XDC.PrivacyPageTest(TestID_02_C_SignUp_to_XDC.java:37)
... Removed 25 stack frames]]>
    </failure>
  </testcase> <!-- PrivacyPageTest -->
</testsuite> <!-- TC_02_C -->
